<?xml version="1.0" encoding="UTF-8"?>
<testng-results skipped="0" failed="0" total="1" passed="1">
  <reporter-output>
  </reporter-output>
  <suite name="Default suite" duration-ms="144011" started-at="2017-10-11T12:56:33Z" finished-at="2017-10-11T12:58:57Z">
    <groups>
    </groups>
    <test name="Default test" duration-ms="144011" started-at="2017-10-11T12:56:33Z" finished-at="2017-10-11T12:58:57Z">
      <class name="Common.Main">
        <test-method status="PASS" signature="getConfigValues()[pri:0, instance:Common.Main@9711b]" name="getConfigValues" is-config="true" duration-ms="31" started-at="2017-10-11T18:26:33Z" finished-at="2017-10-11T18:26:33Z">
          <reporter-output>
          </reporter-output>
        </test-method> <!-- getConfigValues -->
        <test-method status="PASS" signature="getExcelValues()[pri:0, instance:Common.Main@9711b]" name="getExcelValues" duration-ms="141701" started-at="2017-10-11T18:26:33Z" finished-at="2017-10-11T18:28:55Z">
          <reporter-output>
          </reporter-output>
        </test-method> <!-- getExcelValues -->
        <test-method status="PASS" signature="Close()[pri:0, instance:Common.Main@9711b]" name="Close" is-config="true" duration-ms="2265" started-at="2017-10-11T18:28:55Z" finished-at="2017-10-11T18:28:57Z">
          <reporter-output>
          </reporter-output>
        </test-method> <!-- Close -->
        <test-method status="PASS" signature="Quit()[pri:0, instance:Common.Main@9711b]" name="Quit" is-config="true" duration-ms="2441" started-at="2017-10-11T18:28:57Z" finished-at="2017-10-11T18:29:00Z">
          <reporter-output>
          </reporter-output>
        </test-method> <!-- Quit -->
      </class> <!-- Common.Main -->
    </test> <!-- Default test -->
  </suite> <!-- Default suite -->
</testng-results>
